TN:
SF:src/app.ts
FNF:0
FNH:0
DA:1,1
DA:2,1
DA:3,1
DA:5,1
DA:7,1
DA:8,1
DA:10,1
DA:12,1
LF:8
LH:8
BRF:0
BRH:0
end_of_record
TN:
SF:src/Database/processes.ts
FNF:0
FNH:0
DA:3,1
DA:96,1
LF:2
LH:2
BRF:0
BRH:0
end_of_record
TN:
SF:src/Routes/clientRouter.ts
FNF:0
FNH:0
DA:1,1
DA:3,1
DA:5,1
LF:3
LH:3
BRF:0
BRH:0
end_of_record
TN:
SF:src/Routes/index.ts
FNF:0
FNH:0
DA:1,1
DA:2,1
DA:3,1
DA:5,1
DA:7,1
DA:8,1
DA:10,1
LF:7
LH:7
BRF:0
BRH:0
end_of_record
TN:
SF:src/Routes/processRouter.ts
FNF:0
FNH:0
DA:1,1
DA:2,1
DA:4,1
DA:6,1
DA:8,1
LF:5
LH:5
BRF:0
BRH:0
end_of_record
TN:
SF:src/controllers/processController.ts
FN:4,sumAllValues
FNF:1
FNH:1
FNDA:1,sumAllValues
DA:2,1
DA:5,1
DA:6,1
DA:8,1
DA:11,1
LF:5
LH:5
BRF:0
BRH:0
end_of_record
TN:
SF:src/repositories/processRepository.ts
FN:3,findByActive
FN:4,(anonymous_2)
FN:7,findAll
FNF:3
FNH:2
FNDA:1,findByActive
FNDA:10,(anonymous_2)
FNDA:0,findAll
DA:1,1
DA:4,10
DA:8,0
DA:11,1
LF:4
LH:3
BRF:0
BRH:0
end_of_record
TN:
SF:src/services/processService.ts
FN:4,sumAllValues
FN:13,(anonymous_2)
FNF:2
FNH:2
FNDA:1,sumAllValues
FNDA:6,(anonymous_2)
DA:2,1
DA:5,1
DA:7,1
DA:8,1
DA:10,0
DA:13,6
DA:16,1
LF:7
LH:6
BRDA:7,0,0,1
BRDA:7,0,1,0
BRF:2
BRH:1
end_of_record
